<?xml version="1.0" encoding="UTF-8"?>
<testsuite xmlns:xsi="http://www.w3.org/2001/XMLSchema-instance" xsi:noNamespaceSchemaLocation="https://maven.apache.org/surefire/maven-surefire-plugin/xsd/surefire-test-report-3.0.xsd" version="3.0" name="com.example.contosoapiservice.ContosoapiserviceApplicationTests" time="2.884" tests="1" errors="0" skipped="0" failures="0">
  <properties>
[...]
</properties>
  <testcase name="contextLoads" classname="com.example.contosoapiservice.ContosoapiserviceApplicationTests" time="0.865">
    <system-out><![CDATA[11:00:38.539 [main] INFO org.springframework.test.context.support.AnnotationConfigContextLoaderUtils -- Could not detect default configuration classes for test class [com.example.contosoapiservice.ContosoapiserviceApplicationTests]: ContosoapiserviceApplicationTests does not declare any static, non-private, non-final, nested classes annotated with @Configuration.
11:00:38.677 [main] INFO org.springframework.boot.test.context.SpringBootTestContextBootstrapper -- Found @SpringBootConfiguration com.example.contosoapiservice.ContosoapiserviceApplication for test class com.example.contosoapiservice.ContosoapiserviceApplicationTests
11:00:38.852 [main] INFO org.springframework.boot.devtools.restart.RestartApplicationListener -- Restart disabled due to context in which it is running

  .   ____          _            __ _ _
 /\\ / ___'_ __ _ _(_)_ __  __ _ \ \ \ \
( ( )\___ | '_ | '_| | '_ \/ _` | \ \ \ \
 \\/  ___)| |_)| | | | | || (_| |  ) ) ) )
  '  |____| .__|_| |_|_| |_\__, | / / / /
 =========|_|==============|___/=/_/_/_/

 :: Spring Boot ::                (v3.3.5)

2024-11-22T11:00:39.118+05:30  INFO 13728 --- [contosoapiservice] [           main] c.e.c.ContosoapiserviceApplicationTests  : Starting ContosoapiserviceApplicationTests using Java 21.0.2 with PID 13728 (started by HIMANSHU in D:\Downloads\contosoapiservice)
2024-11-22T11:00:39.119+05:30  INFO 13728 --- [contosoapiservice] [           main] c.e.c.ContosoapiserviceApplicationTests  : No active profile set, falling back to 1 default profile: "default"
2024-11-22T11:00:40.373+05:30  INFO 13728 --- [contosoapiservice] [           main] c.e.c.ContosoapiserviceApplicationTests  : Started ContosoapiserviceApplicationTests in 1.54 seconds (process running for 2.643)
]]></system-out>
    <system-err><![CDATA[WARNING: A Java agent has been loaded dynamically (C:\Users\HIMANSHU\.m2\repository\net\bytebuddy\byte-buddy-agent\1.14.19\byte-buddy-agent-1.14.19.jar)
WARNING: If a serviceability tool is in use, please run with -XX:+EnableDynamicAgentLoading to hide this warning
WARNING: If a serviceability tool is not in use, please run with -Djdk.instrument.traceUsage for more information
WARNING: Dynamic loading of agents will be disallowed by default in a future release
]]></system-err>
  </testcase>
</testsuite>